{"/Users/yunalee/code/restaurants/model.js": {"path":"/Users/yunalee/code/restaurants/model.js","statementMap":{"0":{"start":{"line":3,"column":8},"end":{"line":3,"column":65}},"1":{"start":{"line":3,"column":19},"end":{"line":3,"column":65}},"2":{"start":{"line":4,"column":8},"end":{"line":4,"column":24}},"3":{"start":{"line":5,"column":8},"end":{"line":5,"column":26}},"4":{"start":{"line":6,"column":8},"end":{"line":6,"column":23}},"5":{"start":{"line":9,"column":8},"end":{"line":9,"column":29}},"6":{"start":{"line":14,"column":8},"end":{"line":14,"column":63}},"7":{"start":{"line":14,"column":20},"end":{"line":14,"column":63}},"8":{"start":{"line":15,"column":8},"end":{"line":15,"column":26}},"9":{"start":{"line":16,"column":8},"end":{"line":16,"column":23}},"10":{"start":{"line":19,"column":8},"end":{"line":19,"column":29}},"11":{"start":{"line":24,"column":8},"end":{"line":24,"column":83}},"12":{"start":{"line":24,"column":29},"end":{"line":24,"column":83}},"13":{"start":{"line":25,"column":8},"end":{"line":25,"column":24}},"14":{"start":{"line":26,"column":8},"end":{"line":26,"column":26}},"15":{"start":{"line":30,"column":0},"end":{"line":34,"column":1}}},"fnMap":{"0":{"name":"(anonymous_0)","decl":{"start":{"line":2,"column":4},"end":{"line":2,"column":5}},"loc":{"start":{"line":2,"column":51},"end":{"line":7,"column":5}},"line":2},"1":{"name":"(anonymous_1)","decl":{"start":{"line":8,"column":4},"end":{"line":8,"column":5}},"loc":{"start":{"line":8,"column":17},"end":{"line":10,"column":5}},"line":8},"2":{"name":"(anonymous_2)","decl":{"start":{"line":13,"column":4},"end":{"line":13,"column":5}},"loc":{"start":{"line":13,"column":24},"end":{"line":17,"column":5}},"line":13},"3":{"name":"(anonymous_3)","decl":{"start":{"line":18,"column":4},"end":{"line":18,"column":5}},"loc":{"start":{"line":18,"column":17},"end":{"line":20,"column":5}},"line":18},"4":{"name":"(anonymous_4)","decl":{"start":{"line":23,"column":4},"end":{"line":23,"column":5}},"loc":{"start":{"line":23,"column":31},"end":{"line":27,"column":5}},"line":23}},"branchMap":{"0":{"loc":{"start":{"line":2,"column":23},"end":{"line":2,"column":49}},"type":"default-arg","locations":[{"start":{"line":2,"column":31},"end":{"line":2,"column":49}}],"line":2},"1":{"loc":{"start":{"line":3,"column":8},"end":{"line":3,"column":65}},"type":"if","locations":[{"start":{"line":3,"column":8},"end":{"line":3,"column":65}},{"start":{"line":3,"column":8},"end":{"line":3,"column":65}}],"line":3},"2":{"loc":{"start":{"line":14,"column":8},"end":{"line":14,"column":63}},"type":"if","locations":[{"start":{"line":14,"column":8},"end":{"line":14,"column":63}},{"start":{"line":14,"column":8},"end":{"line":14,"column":63}}],"line":14},"3":{"loc":{"start":{"line":24,"column":8},"end":{"line":24,"column":83}},"type":"if","locations":[{"start":{"line":24,"column":8},"end":{"line":24,"column":83}},{"start":{"line":24,"column":8},"end":{"line":24,"column":83}}],"line":24},"4":{"loc":{"start":{"line":24,"column":12},"end":{"line":24,"column":27}},"type":"binary-expr","locations":[{"start":{"line":24,"column":12},"end":{"line":24,"column":17}},{"start":{"line":24,"column":21},"end":{"line":24,"column":27}}],"line":24}},"s":{"0":3,"1":1,"2":2,"3":2,"4":2,"5":1,"6":4,"7":1,"8":3,"9":3,"10":1,"11":2,"12":0,"13":2,"14":2,"15":1},"f":{"0":3,"1":1,"2":4,"3":1,"4":2},"b":{"0":[3],"1":[1,2],"2":[1,3],"3":[0,2],"4":[2,2]},"_coverageSchema":"1a1c01bbd47fc00a2c39e90264f33305004495a9","hash":"270d911d4c087a5a76ea67170d808616ee5fcd09"}
}
